<?xml version="1.0" encoding="UTF-8"?>
<testng-results ignored="0" total="1" passed="1" failed="0" skipped="0">
  <reporter-output>
  </reporter-output>
  <suite started-at="2025-03-02T17:39:14 IST" name="Default suite" finished-at="2025-03-02T17:40:06 IST" duration-ms="51826">
    <groups>
    </groups>
    <test started-at="2025-03-02T17:39:14 IST" name="Default test" finished-at="2025-03-02T17:40:06 IST" duration-ms="51826">
      <class name="SelFrameworkDesign.Tests.actionsTest">
        <test-method is-config="true" signature="WebDriverSetup()[pri:0, instance:SelFrameworkDesign.Tests.actionsTest@d2de489]" started-at="2025-03-02T17:39:14 IST" name="WebDriverSetup" finished-at="2025-03-02T17:39:58 IST" duration-ms="43883" status="PASS">
          <reporter-output>
          </reporter-output>
        </test-method> <!-- WebDriverSetup -->
        <test-method signature="actionTest()[pri:0, instance:SelFrameworkDesign.Tests.actionsTest@d2de489]" started-at="2025-03-02T17:39:58 IST" name="actionTest" finished-at="2025-03-02T17:40:04 IST" duration-ms="6261" status="PASS">
          <reporter-output>
          </reporter-output>
        </test-method> <!-- actionTest -->
        <test-method is-config="true" signature="closeBrowser()[pri:0, instance:SelFrameworkDesign.Tests.actionsTest@d2de489]" started-at="2025-03-02T17:40:04 IST" name="closeBrowser" finished-at="2025-03-02T17:40:05 IST" duration-ms="375" status="PASS">
          <reporter-output>
          </reporter-output>
        </test-method> <!-- closeBrowser -->
        <test-method is-config="true" signature="closeEntireBrowser()[pri:0, instance:SelFrameworkDesign.Tests.actionsTest@d2de489]" started-at="2025-03-02T17:40:05 IST" name="closeEntireBrowser" finished-at="2025-03-02T17:40:06 IST" duration-ms="1134" status="PASS">
          <reporter-output>
          </reporter-output>
        </test-method> <!-- closeEntireBrowser -->
      </class> <!-- SelFrameworkDesign.Tests.actionsTest -->
    </test> <!-- Default test -->
  </suite> <!-- Default suite -->
</testng-results>
